2022-04-19T06:39:57+00:00 CRITICAL Uncaught Error: Call to undefined function esc_atrr() in C:\Users\Humberto\Documents\DESARROLLO_WEB\PRACTICA\sprystore\app\public\wp-content\themes\sprystore\archive-product.php:41
Stack trace:
#0 C:\Users\Humberto\Documents\DESARROLLO_WEB\PRACTICA\sprystore\app\public\wp-includes\template-loader.php(106): include()
#1 C:\Users\Humberto\Documents\DESARROLLO_WEB\PRACTICA\sprystore\app\public\wp-blog-header.php(19): require_once('C:\\Users\\Humber...')
#2 C:\Users\Humberto\Documents\DESARROLLO_WEB\PRACTICA\sprystore\app\public\index.php(17): require('C:\\Users\\Humber...')
#3 {main}
  thrown in C:\Users\Humberto\Documents\DESARROLLO_WEB\PRACTICA\sprystore\app\public\wp-content\themes\sprystore\archive-product.php on line 41

2022-04-19T06:40:32+00:00 CRITICAL Uncaught Error: Call to undefined function esc_atrr() in C:\Users\Humberto\Documents\DESARROLLO_WEB\PRACTICA\sprystore\app\public\wp-content\themes\sprystore\archive-product.php:41
Stack trace:
#0 C:\Users\Humberto\Documents\DESARROLLO_WEB\PRACTICA\sprystore\app\public\wp-includes\template-loader.php(106): include()
#1 C:\Users\Humberto\Documents\DESARROLLO_WEB\PRACTICA\sprystore\app\public\wp-blog-header.php(19): require_once('C:\\Users\\Humber...')
#2 C:\Users\Humberto\Documents\DESARROLLO_WEB\PRACTICA\sprystore\app\public\index.php(17): require('C:\\Users\\Humber...')
#3 {main}
  thrown in C:\Users\Humberto\Documents\DESARROLLO_WEB\PRACTICA\sprystore\app\public\wp-content\themes\sprystore\archive-product.php on line 41

2022-04-19T08:09:57+00:00 CRITICAL Uncaught Error: Cannot use object of type WC_Product_Simple as array in C:\Users\Humberto\Documents\DESARROLLO_WEB\PRACTICA\sprystore\app\public\wp-content\themes\sprystore\woocommerce\content-single-product.php:46
Stack trace:
#0 C:\Users\Humberto\Documents\DESARROLLO_WEB\PRACTICA\sprystore\app\public\wp-includes\template.php(772): require()
#1 C:\Users\Humberto\Documents\DESARROLLO_WEB\PRACTICA\sprystore\app\public\wp-content\plugins\woocommerce\includes\wc-core-functions.php(284): load_template('C:\\Users\\Humber...', false)
#2 C:\Users\Humberto\Documents\DESARROLLO_WEB\PRACTICA\sprystore\app\public\wp-content\themes\sprystore\woocommerce\single-product.php(38): wc_get_template_part('content', 'single-product')
#3 C:\Users\Humberto\Documents\DESARROLLO_WEB\PRACTICA\sprystore\app\public\wp-includes\template-loader.php(106): include('C:\\Users\\Humber...')
#4 C:\Users\Humberto\Documents\DESARROLLO_WEB\PRACTICA\sprystore\app\public\wp-blog-header.php(19): require_once('C:\\Users\\Humber...')
#5 C:\Users\Humbe in C:\Users\Humberto\Documents\DESARROLLO_WEB\PRACTICA\sprystore\app\public\wp-content\themes\sprystore\woocommerce\content-single-product.php on line 46

2022-04-19T08:29:15+00:00 CRITICAL Uncaught ArgumentCountError: Too few arguments to function woocommerce_breadcrumb(), 0 passed in C:\Users\Humberto\Documents\DESARROLLO_WEB\PRACTICA\sprystore\app\public\wp-includes\class-wp-hook.php on line 305 and exactly 1 expected in C:\Users\Humberto\Documents\DESARROLLO_WEB\PRACTICA\sprystore\app\public\wp-content\themes\sprystore\include\woocommerce_settings.php:19
Stack trace:
#0 C:\Users\Humberto\Documents\DESARROLLO_WEB\PRACTICA\sprystore\app\public\wp-includes\class-wp-hook.php(305): woocommerce_breadcrumb()
#1 C:\Users\Humberto\Documents\DESARROLLO_WEB\PRACTICA\sprystore\app\public\wp-includes\plugin.php(189): WP_Hook->apply_filters(NULL, Array)
#2 C:\Users\Humberto\Documents\DESARROLLO_WEB\PRACTICA\sprystore\app\public\wp-content\themes\sprystore\include\woocommerce_settings.php(24): apply_filters('woocommerce_bef...', 'woocommerce_bre...')
#3 C:\Users\Humberto\Documents\DESARROLLO_WEB\PRACTICA\sprystore\app\public\wp-content\themes\sprystore\functions.php(21): include_once('C:\\Users\\Humber...' in C:\Users\Humberto\Documents\DESARROLLO_WEB\PRACTICA\sprystore\app\public\wp-content\themes\sprystore\include\woocommerce_settings.php on line 19

2022-04-19T08:29:15+00:00 CRITICAL Uncaught ArgumentCountError: Too few arguments to function woocommerce_breadcrumb(), 0 passed in C:\Users\Humberto\Documents\DESARROLLO_WEB\PRACTICA\sprystore\app\public\wp-includes\class-wp-hook.php on line 305 and exactly 1 expected in C:\Users\Humberto\Documents\DESARROLLO_WEB\PRACTICA\sprystore\app\public\wp-content\themes\sprystore\include\woocommerce_settings.php:19
Stack trace:
#0 C:\Users\Humberto\Documents\DESARROLLO_WEB\PRACTICA\sprystore\app\public\wp-includes\class-wp-hook.php(305): woocommerce_breadcrumb()
#1 C:\Users\Humberto\Documents\DESARROLLO_WEB\PRACTICA\sprystore\app\public\wp-includes\plugin.php(189): WP_Hook->apply_filters(NULL, Array)
#2 C:\Users\Humberto\Documents\DESARROLLO_WEB\PRACTICA\sprystore\app\public\wp-content\themes\sprystore\include\woocommerce_settings.php(24): apply_filters('woocommerce_bef...', 'woocommerce_bre...')
#3 C:\Users\Humberto\Documents\DESARROLLO_WEB\PRACTICA\sprystore\app\public\wp-content\themes\sprystore\functions.php(21): include_once('C:\\Users\\Humber...' in C:\Users\Humberto\Documents\DESARROLLO_WEB\PRACTICA\sprystore\app\public\wp-content\themes\sprystore\include\woocommerce_settings.php on line 19

2022-04-19T09:35:44+00:00 CRITICAL Uncaught Error: Call to undefined function add_filters() in C:\Users\Humberto\Documents\DESARROLLO_WEB\PRACTICA\sprystore\app\public\wp-content\themes\sprystore\include\woocommerce_settings.php:19
Stack trace:
#0 C:\Users\Humberto\Documents\DESARROLLO_WEB\PRACTICA\sprystore\app\public\wp-content\themes\sprystore\functions.php(21): include_once()
#1 C:\Users\Humberto\Documents\DESARROLLO_WEB\PRACTICA\sprystore\app\public\wp-settings.php(555): include('C:\\Users\\Humber...')
#2 C:\Users\Humberto\Documents\DESARROLLO_WEB\PRACTICA\sprystore\app\public\wp-config.php(104): require_once('C:\\Users\\Humber...')
#3 C:\Users\Humberto\Documents\DESARROLLO_WEB\PRACTICA\sprystore\app\public\wp-load.php(50): require_once('C:\\Users\\Humber...')
#4 C:\Users\Humberto\Documents\DESARROLLO_WEB\PRACTICA\sprystore\app\public\wp-blog-header.php(13): require_once('C:\\Users\\Humber...')
#5 C:\Users\Humberto\Documents\DESARROLLO_WEB\PRACTICA\sprystore\app\public\index.php(17): require('C:\\Users\\Humber...')
#6 {main}
  thrown in C:\Users\Humberto\Documents\DESARROLLO_WEB\PRACTICA\sprystore\app\public\wp-content\themes\sprystore\include\woocommerce_settings.php on line 19

2022-04-19T09:35:44+00:00 CRITICAL Uncaught Error: Call to undefined function add_filters() in C:\Users\Humberto\Documents\DESARROLLO_WEB\PRACTICA\sprystore\app\public\wp-content\themes\sprystore\include\woocommerce_settings.php:19
Stack trace:
#0 C:\Users\Humberto\Documents\DESARROLLO_WEB\PRACTICA\sprystore\app\public\wp-content\themes\sprystore\functions.php(21): include_once()
#1 C:\Users\Humberto\Documents\DESARROLLO_WEB\PRACTICA\sprystore\app\public\wp-settings.php(555): include('C:\\Users\\Humber...')
#2 C:\Users\Humberto\Documents\DESARROLLO_WEB\PRACTICA\sprystore\app\public\wp-config.php(104): require_once('C:\\Users\\Humber...')
#3 C:\Users\Humberto\Documents\DESARROLLO_WEB\PRACTICA\sprystore\app\public\wp-load.php(50): require_once('C:\\Users\\Humber...')
#4 C:\Users\Humberto\Documents\DESARROLLO_WEB\PRACTICA\sprystore\app\public\wp-blog-header.php(13): require_once('C:\\Users\\Humber...')
#5 C:\Users\Humberto\Documents\DESARROLLO_WEB\PRACTICA\sprystore\app\public\index.php(17): require('C:\\Users\\Humber...')
#6 {main}
  thrown in C:\Users\Humberto\Documents\DESARROLLO_WEB\PRACTICA\sprystore\app\public\wp-content\themes\sprystore\include\woocommerce_settings.php on line 19

2022-04-19T09:36:14+00:00 CRITICAL Uncaught Error: Call to undefined function add_filters() in C:\Users\Humberto\Documents\DESARROLLO_WEB\PRACTICA\sprystore\app\public\wp-content\themes\sprystore\include\woocommerce_settings.php:19
Stack trace:
#0 C:\Users\Humberto\Documents\DESARROLLO_WEB\PRACTICA\sprystore\app\public\wp-content\themes\sprystore\functions.php(21): include_once()
#1 C:\Users\Humberto\Documents\DESARROLLO_WEB\PRACTICA\sprystore\app\public\wp-settings.php(555): include('C:\\Users\\Humber...')
#2 C:\Users\Humberto\Documents\DESARROLLO_WEB\PRACTICA\sprystore\app\public\wp-config.php(104): require_once('C:\\Users\\Humber...')
#3 C:\Users\Humberto\Documents\DESARROLLO_WEB\PRACTICA\sprystore\app\public\wp-load.php(50): require_once('C:\\Users\\Humber...')
#4 C:\Users\Humberto\Documents\DESARROLLO_WEB\PRACTICA\sprystore\app\public\wp-admin\admin-ajax.php(22): require_once('C:\\Users\\Humber...')
#5 {main}
  thrown in C:\Users\Humberto\Documents\DESARROLLO_WEB\PRACTICA\sprystore\app\public\wp-content\themes\sprystore\include\woocommerce_settings.php on line 19

2022-04-19T09:37:33+00:00 CRITICAL Uncaught Error: Call to undefined function add_filters() in C:\Users\Humberto\Documents\DESARROLLO_WEB\PRACTICA\sprystore\app\public\wp-content\themes\sprystore\include\woocommerce_settings.php:8
Stack trace:
#0 C:\Users\Humberto\Documents\DESARROLLO_WEB\PRACTICA\sprystore\app\public\wp-content\themes\sprystore\functions.php(21): include_once()
#1 C:\Users\Humberto\Documents\DESARROLLO_WEB\PRACTICA\sprystore\app\public\wp-settings.php(555): include('C:\\Users\\Humber...')
#2 C:\Users\Humberto\Documents\DESARROLLO_WEB\PRACTICA\sprystore\app\public\wp-config.php(104): require_once('C:\\Users\\Humber...')
#3 C:\Users\Humberto\Documents\DESARROLLO_WEB\PRACTICA\sprystore\app\public\wp-load.php(50): require_once('C:\\Users\\Humber...')
#4 C:\Users\Humberto\Documents\DESARROLLO_WEB\PRACTICA\sprystore\app\public\wp-admin\admin-ajax.php(22): require_once('C:\\Users\\Humber...')
#5 {main}
  thrown in C:\Users\Humberto\Documents\DESARROLLO_WEB\PRACTICA\sprystore\app\public\wp-content\themes\sprystore\include\woocommerce_settings.php on line 8

2022-04-19T09:37:35+00:00 CRITICAL Uncaught Error: Call to undefined function add_filters() in C:\Users\Humberto\Documents\DESARROLLO_WEB\PRACTICA\sprystore\app\public\wp-content\themes\sprystore\include\woocommerce_settings.php:8
Stack trace:
#0 C:\Users\Humberto\Documents\DESARROLLO_WEB\PRACTICA\sprystore\app\public\wp-content\themes\sprystore\functions.php(21): include_once()
#1 C:\Users\Humberto\Documents\DESARROLLO_WEB\PRACTICA\sprystore\app\public\wp-settings.php(555): include('C:\\Users\\Humber...')
#2 C:\Users\Humberto\Documents\DESARROLLO_WEB\PRACTICA\sprystore\app\public\wp-config.php(104): require_once('C:\\Users\\Humber...')
#3 C:\Users\Humberto\Documents\DESARROLLO_WEB\PRACTICA\sprystore\app\public\wp-load.php(50): require_once('C:\\Users\\Humber...')
#4 C:\Users\Humberto\Documents\DESARROLLO_WEB\PRACTICA\sprystore\app\public\wp-admin\admin.php(34): require_once('C:\\Users\\Humber...')
#5 C:\Users\Humberto\Documents\DESARROLLO_WEB\PRACTICA\sprystore\app\public\wp-admin\options-permalink.php(10): require_once('C:\\Users\\Humber...' in C:\Users\Humberto\Documents\DESARROLLO_WEB\PRACTICA\sprystore\app\public\wp-content\themes\sprystore\include\woocommerce_settings.php on line 8

2022-04-19T09:37:35+00:00 CRITICAL Uncaught Error: Call to undefined function add_filters() in C:\Users\Humberto\Documents\DESARROLLO_WEB\PRACTICA\sprystore\app\public\wp-content\themes\sprystore\include\woocommerce_settings.php:8
Stack trace:
#0 C:\Users\Humberto\Documents\DESARROLLO_WEB\PRACTICA\sprystore\app\public\wp-content\themes\sprystore\functions.php(21): include_once()
#1 C:\Users\Humberto\Documents\DESARROLLO_WEB\PRACTICA\sprystore\app\public\wp-settings.php(555): include('C:\\Users\\Humber...')
#2 C:\Users\Humberto\Documents\DESARROLLO_WEB\PRACTICA\sprystore\app\public\wp-config.php(104): require_once('C:\\Users\\Humber...')
#3 C:\Users\Humberto\Documents\DESARROLLO_WEB\PRACTICA\sprystore\app\public\wp-load.php(50): require_once('C:\\Users\\Humber...')
#4 C:\Users\Humberto\Documents\DESARROLLO_WEB\PRACTICA\sprystore\app\public\wp-blog-header.php(13): require_once('C:\\Users\\Humber...')
#5 C:\Users\Humberto\Documents\DESARROLLO_WEB\PRACTICA\sprystore\app\public\index.php(17): require('C:\\Users\\Humber...')
#6 {main}
  thrown in C:\Users\Humberto\Documents\DESARROLLO_WEB\PRACTICA\sprystore\app\public\wp-content\themes\sprystore\include\woocommerce_settings.php on line 8

2022-04-19T09:38:15+00:00 CRITICAL Uncaught Error: Call to undefined function add_filters() in C:\Users\Humberto\Documents\DESARROLLO_WEB\PRACTICA\sprystore\app\public\wp-content\themes\sprystore\include\woocommerce_settings.php:8
Stack trace:
#0 C:\Users\Humberto\Documents\DESARROLLO_WEB\PRACTICA\sprystore\app\public\wp-content\themes\sprystore\functions.php(21): include_once()
#1 C:\Users\Humberto\Documents\DESARROLLO_WEB\PRACTICA\sprystore\app\public\wp-settings.php(555): include('C:\\Users\\Humber...')
#2 C:\Users\Humberto\Documents\DESARROLLO_WEB\PRACTICA\sprystore\app\public\wp-config.php(104): require_once('C:\\Users\\Humber...')
#3 C:\Users\Humberto\Documents\DESARROLLO_WEB\PRACTICA\sprystore\app\public\wp-load.php(50): require_once('C:\\Users\\Humber...')
#4 C:\Users\Humberto\Documents\DESARROLLO_WEB\PRACTICA\sprystore\app\public\wp-admin\admin-ajax.php(22): require_once('C:\\Users\\Humber...')
#5 {main}
  thrown in C:\Users\Humberto\Documents\DESARROLLO_WEB\PRACTICA\sprystore\app\public\wp-content\themes\sprystore\include\woocommerce_settings.php on line 8

